Build output check failed:
    Regex: 'command[- ]line option .* is valid for .* but not for C\+\+'
    Output line: 'cc1plus: warning: command line option ‘-Wmissing-prototypes’ is valid for C/ObjC but not for C++'
Compilation failed:
    source file: '/home/h0tcat/デスクトップ/Folder/Programming/c++/RealRyouikiTenkai/OpenCV/build/CMakeFiles/CMakeTmp/src.cxx'
    check option: ' -fsigned-char -W -Wall -Werror=return-type -Werror=non-virtual-dtor -Werror=address -Werror=sequence-point -Wformat -Werror=format-security -Wmissing-declarations  -Wmissing-prototypes'
===== BUILD LOG =====
Change Dir: /home/h0tcat/デスクトップ/Folder/Programming/c++/RealRyouikiTenkai/OpenCV/build/CMakeFiles/CMakeTmp

Run Build Command:"/usr/bin/make" "cmTC_9f711/fast"
/usr/bin/make -f CMakeFiles/cmTC_9f711.dir/build.make CMakeFiles/cmTC_9f711.dir/build
make[1]: ディレクトリ '/home/h0tcat/デスクトップ/Folder/Programming/c++/RealRyouikiTenkai/OpenCV/build/CMakeFiles/CMakeTmp' に入ります
Building CXX object CMakeFiles/cmTC_9f711.dir/src.cxx.o
/usr/bin/c++     -O3 -DNDEBUG -fPIE   -fsigned-char -W -Wall -Werror=return-type -Werror=non-virtual-dtor -Werror=address -Werror=sequence-point -Wformat -Werror=format-security -Wmissing-declarations -Wmissing-prototypes -std=c++11 -o CMakeFiles/cmTC_9f711.dir/src.cxx.o -c /home/h0tcat/デスクトップ/Folder/Programming/c++/RealRyouikiTenkai/OpenCV/build/CMakeFiles/CMakeTmp/src.cxx
cc1plus: warning: command line option ‘-Wmissing-prototypes’ is valid for C/ObjC but not for C++
/home/h0tcat/デスクトップ/Folder/Programming/c++/RealRyouikiTenkai/OpenCV/build/CMakeFiles/CMakeTmp/src.cxx:1:0: warning: ignoring #pragma   [-Wunknown-pragmas]
 #pragma
 ^
Linking CXX executable cmTC_9f711
/usr/bin/cmake -E cmake_link_script CMakeFiles/cmTC_9f711.dir/link.txt --verbose=1
/usr/bin/c++     -O3 -DNDEBUG    CMakeFiles/cmTC_9f711.dir/src.cxx.o  -o cmTC_9f711 
make[1]: ディレクトリ '/home/h0tcat/デスクトップ/Folder/Programming/c++/RealRyouikiTenkai/OpenCV/build/CMakeFiles/CMakeTmp' から出ます

===== END =====

Build output check failed:
    Regex: 'command[- ]line option .* is valid for .* but not for C\+\+'
    Output line: 'cc1plus: warning: command line option ‘-Wstrict-prototypes’ is valid for C/ObjC but not for C++'
Compilation failed:
    source file: '/home/h0tcat/デスクトップ/Folder/Programming/c++/RealRyouikiTenkai/OpenCV/build/CMakeFiles/CMakeTmp/src.cxx'
    check option: ' -fsigned-char -W -Wall -Werror=return-type -Werror=non-virtual-dtor -Werror=address -Werror=sequence-point -Wformat -Werror=format-security -Wmissing-declarations  -Wstrict-prototypes'
===== BUILD LOG =====
Change Dir: /home/h0tcat/デスクトップ/Folder/Programming/c++/RealRyouikiTenkai/OpenCV/build/CMakeFiles/CMakeTmp

Run Build Command:"/usr/bin/make" "cmTC_75fd7/fast"
/usr/bin/make -f CMakeFiles/cmTC_75fd7.dir/build.make CMakeFiles/cmTC_75fd7.dir/build
make[1]: ディレクトリ '/home/h0tcat/デスクトップ/Folder/Programming/c++/RealRyouikiTenkai/OpenCV/build/CMakeFiles/CMakeTmp' に入ります
Building CXX object CMakeFiles/cmTC_75fd7.dir/src.cxx.o
/usr/bin/c++     -O3 -DNDEBUG -fPIE   -fsigned-char -W -Wall -Werror=return-type -Werror=non-virtual-dtor -Werror=address -Werror=sequence-point -Wformat -Werror=format-security -Wmissing-declarations -Wstrict-prototypes -std=c++11 -o CMakeFiles/cmTC_75fd7.dir/src.cxx.o -c /home/h0tcat/デスクトップ/Folder/Programming/c++/RealRyouikiTenkai/OpenCV/build/CMakeFiles/CMakeTmp/src.cxx
cc1plus: warning: command line option ‘-Wstrict-prototypes’ is valid for C/ObjC but not for C++
/home/h0tcat/デスクトップ/Folder/Programming/c++/RealRyouikiTenkai/OpenCV/build/CMakeFiles/CMakeTmp/src.cxx:1:0: warning: ignoring #pragma   [-Wunknown-pragmas]
 #pragma
 ^
Linking CXX executable cmTC_75fd7
/usr/bin/cmake -E cmake_link_script CMakeFiles/cmTC_75fd7.dir/link.txt --verbose=1
/usr/bin/c++     -O3 -DNDEBUG    CMakeFiles/cmTC_75fd7.dir/src.cxx.o  -o cmTC_75fd7 
make[1]: ディレクトリ '/home/h0tcat/デスクトップ/Folder/Programming/c++/RealRyouikiTenkai/OpenCV/build/CMakeFiles/CMakeTmp' から出ます

===== END =====

Build output check failed:
    Regex: 'command[- ]line option .* is valid for .* but not for C'
    Output line: 'cc1: warning: command line option ‘-Wsign-promo’ is valid for C++/ObjC++ but not for C'
Compilation failed:
    source file: '/home/h0tcat/デスクトップ/Folder/Programming/c++/RealRyouikiTenkai/OpenCV/build/CMakeFiles/CMakeTmp/src.c'
    check option: ' -fsigned-char -W -Wall -Werror=return-type -Werror=non-virtual-dtor -Werror=address -Werror=sequence-point -Wformat -Werror=format-security -Wmissing-declarations -Wmissing-prototypes -Wstrict-prototypes -Wundef -Winit-self -Wpointer-arith -Wshadow  -Wsign-promo'
===== BUILD LOG =====
Change Dir: /home/h0tcat/デスクトップ/Folder/Programming/c++/RealRyouikiTenkai/OpenCV/build/CMakeFiles/CMakeTmp

Run Build Command:"/usr/bin/make" "cmTC_d67aa/fast"
/usr/bin/make -f CMakeFiles/cmTC_d67aa.dir/build.make CMakeFiles/cmTC_d67aa.dir/build
make[1]: ディレクトリ '/home/h0tcat/デスクトップ/Folder/Programming/c++/RealRyouikiTenkai/OpenCV/build/CMakeFiles/CMakeTmp' に入ります
Building C object CMakeFiles/cmTC_d67aa.dir/src.c.o
/usr/bin/cc    -O3 -DNDEBUG -fPIE   -fsigned-char -W -Wall -Werror=return-type -Werror=non-virtual-dtor -Werror=address -Werror=sequence-point -Wformat -Werror=format-security -Wmissing-declarations -Wmissing-prototypes -Wstrict-prototypes -Wundef -Winit-self -Wpointer-arith -Wshadow -Wsign-promo -o CMakeFiles/cmTC_d67aa.dir/src.c.o   -c /home/h0tcat/デスクトップ/Folder/Programming/c++/RealRyouikiTenkai/OpenCV/build/CMakeFiles/CMakeTmp/src.c
cc1: warning: command line option ‘-Wsign-promo’ is valid for C++/ObjC++ but not for C
/home/h0tcat/デスクトップ/Folder/Programming/c++/RealRyouikiTenkai/OpenCV/build/CMakeFiles/CMakeTmp/src.c:1:0: warning: ignoring #pragma   [-Wunknown-pragmas]
 #pragma
 ^
Linking C executable cmTC_d67aa
/usr/bin/cmake -E cmake_link_script CMakeFiles/cmTC_d67aa.dir/link.txt --verbose=1
/usr/bin/cc    -O3 -DNDEBUG    CMakeFiles/cmTC_d67aa.dir/src.c.o  -o cmTC_d67aa 
make[1]: ディレクトリ '/home/h0tcat/デスクトップ/Folder/Programming/c++/RealRyouikiTenkai/OpenCV/build/CMakeFiles/CMakeTmp' から出ます

===== END =====

Build output check failed:
    Regex: 'command[- ]line option .* is valid for .* but not for C'
    Output line: 'cc1: warning: command line option ‘-Wsuggest-override’ is valid for C++/ObjC++ but not for C'
Compilation failed:
    source file: '/home/h0tcat/デスクトップ/Folder/Programming/c++/RealRyouikiTenkai/OpenCV/build/CMakeFiles/CMakeTmp/src.c'
    check option: ' -fsigned-char -W -Wall -Werror=return-type -Werror=non-virtual-dtor -Werror=address -Werror=sequence-point -Wformat -Werror=format-security -Wmissing-declarations -Wmissing-prototypes -Wstrict-prototypes -Wundef -Winit-self -Wpointer-arith -Wshadow -Wuninitialized  -Wsuggest-override'
===== BUILD LOG =====
Change Dir: /home/h0tcat/デスクトップ/Folder/Programming/c++/RealRyouikiTenkai/OpenCV/build/CMakeFiles/CMakeTmp

Run Build Command:"/usr/bin/make" "cmTC_51050/fast"
/usr/bin/make -f CMakeFiles/cmTC_51050.dir/build.make CMakeFiles/cmTC_51050.dir/build
make[1]: ディレクトリ '/home/h0tcat/デスクトップ/Folder/Programming/c++/RealRyouikiTenkai/OpenCV/build/CMakeFiles/CMakeTmp' に入ります
Building C object CMakeFiles/cmTC_51050.dir/src.c.o
/usr/bin/cc    -O3 -DNDEBUG -fPIE   -fsigned-char -W -Wall -Werror=return-type -Werror=non-virtual-dtor -Werror=address -Werror=sequence-point -Wformat -Werror=format-security -Wmissing-declarations -Wmissing-prototypes -Wstrict-prototypes -Wundef -Winit-self -Wpointer-arith -Wshadow -Wuninitialized -Wsuggest-override -o CMakeFiles/cmTC_51050.dir/src.c.o   -c /home/h0tcat/デスクトップ/Folder/Programming/c++/RealRyouikiTenkai/OpenCV/build/CMakeFiles/CMakeTmp/src.c
cc1: warning: command line option ‘-Wsuggest-override’ is valid for C++/ObjC++ but not for C
/home/h0tcat/デスクトップ/Folder/Programming/c++/RealRyouikiTenkai/OpenCV/build/CMakeFiles/CMakeTmp/src.c:1:0: warning: ignoring #pragma   [-Wunknown-pragmas]
 #pragma
 ^
Linking C executable cmTC_51050
/usr/bin/cmake -E cmake_link_script CMakeFiles/cmTC_51050.dir/link.txt --verbose=1
/usr/bin/cc    -O3 -DNDEBUG    CMakeFiles/cmTC_51050.dir/src.c.o  -o cmTC_51050 
make[1]: ディレクトリ '/home/h0tcat/デスクトップ/Folder/Programming/c++/RealRyouikiTenkai/OpenCV/build/CMakeFiles/CMakeTmp' から出ます

===== END =====

Build output check failed:
    Regex: 'command[- ]line option .* is valid for .* but not for C'
    Output line: 'cc1: warning: command line option ‘-Wno-delete-non-virtual-dtor’ is valid for C++/ObjC++ but not for C'
Compilation failed:
    source file: '/home/h0tcat/デスクトップ/Folder/Programming/c++/RealRyouikiTenkai/OpenCV/build/CMakeFiles/CMakeTmp/src.c'
    check option: ' -fsigned-char -W -Wall -Werror=return-type -Werror=non-virtual-dtor -Werror=address -Werror=sequence-point -Wformat -Werror=format-security -Wmissing-declarations -Wmissing-prototypes -Wstrict-prototypes -Wundef -Winit-self -Wpointer-arith -Wshadow -Wuninitialized  -Wno-delete-non-virtual-dtor'
===== BUILD LOG =====
Change Dir: /home/h0tcat/デスクトップ/Folder/Programming/c++/RealRyouikiTenkai/OpenCV/build/CMakeFiles/CMakeTmp

Run Build Command:"/usr/bin/make" "cmTC_1a50b/fast"
/usr/bin/make -f CMakeFiles/cmTC_1a50b.dir/build.make CMakeFiles/cmTC_1a50b.dir/build
make[1]: ディレクトリ '/home/h0tcat/デスクトップ/Folder/Programming/c++/RealRyouikiTenkai/OpenCV/build/CMakeFiles/CMakeTmp' に入ります
Building C object CMakeFiles/cmTC_1a50b.dir/src.c.o
/usr/bin/cc    -O3 -DNDEBUG -fPIE   -fsigned-char -W -Wall -Werror=return-type -Werror=non-virtual-dtor -Werror=address -Werror=sequence-point -Wformat -Werror=format-security -Wmissing-declarations -Wmissing-prototypes -Wstrict-prototypes -Wundef -Winit-self -Wpointer-arith -Wshadow -Wuninitialized -Wno-delete-non-virtual-dtor -o CMakeFiles/cmTC_1a50b.dir/src.c.o   -c /home/h0tcat/デスクトップ/Folder/Programming/c++/RealRyouikiTenkai/OpenCV/build/CMakeFiles/CMakeTmp/src.c
cc1: warning: command line option ‘-Wno-delete-non-virtual-dtor’ is valid for C++/ObjC++ but not for C
/home/h0tcat/デスクトップ/Folder/Programming/c++/RealRyouikiTenkai/OpenCV/build/CMakeFiles/CMakeTmp/src.c:1:0: warning: ignoring #pragma   [-Wunknown-pragmas]
 #pragma
 ^
Linking C executable cmTC_1a50b
/usr/bin/cmake -E cmake_link_script CMakeFiles/cmTC_1a50b.dir/link.txt --verbose=1
/usr/bin/cc    -O3 -DNDEBUG    CMakeFiles/cmTC_1a50b.dir/src.c.o  -o cmTC_1a50b 
make[1]: ディレクトリ '/home/h0tcat/デスクトップ/Folder/Programming/c++/RealRyouikiTenkai/OpenCV/build/CMakeFiles/CMakeTmp' から出ます

===== END =====

Build output check failed:
    Regex: 'unrecognized .*option'
    Output line: 'cc1plus: warning: unrecognized command line option ‘-Wno-unnamed-type-template-args’'
Compilation failed:
    source file: '/home/h0tcat/デスクトップ/Folder/Programming/c++/RealRyouikiTenkai/OpenCV/build/CMakeFiles/CMakeTmp/src.cxx'
    check option: ' -fsigned-char -W -Wall -Werror=return-type -Werror=non-virtual-dtor -Werror=address -Werror=sequence-point -Wformat -Werror=format-security -Wmissing-declarations -Wundef -Winit-self -Wpointer-arith -Wshadow -Wsign-promo -Wuninitialized -Wsuggest-override -Wno-delete-non-virtual-dtor  -Wno-unnamed-type-template-args'
===== BUILD LOG =====
Change Dir: /home/h0tcat/デスクトップ/Folder/Programming/c++/RealRyouikiTenkai/OpenCV/build/CMakeFiles/CMakeTmp

Run Build Command:"/usr/bin/make" "cmTC_08802/fast"
/usr/bin/make -f CMakeFiles/cmTC_08802.dir/build.make CMakeFiles/cmTC_08802.dir/build
make[1]: ディレクトリ '/home/h0tcat/デスクトップ/Folder/Programming/c++/RealRyouikiTenkai/OpenCV/build/CMakeFiles/CMakeTmp' に入ります
Building CXX object CMakeFiles/cmTC_08802.dir/src.cxx.o
/usr/bin/c++     -O3 -DNDEBUG -fPIE   -fsigned-char -W -Wall -Werror=return-type -Werror=non-virtual-dtor -Werror=address -Werror=sequence-point -Wformat -Werror=format-security -Wmissing-declarations -Wundef -Winit-self -Wpointer-arith -Wshadow -Wsign-promo -Wuninitialized -Wsuggest-override -Wno-delete-non-virtual-dtor -Wno-unnamed-type-template-args -std=c++11 -o CMakeFiles/cmTC_08802.dir/src.cxx.o -c /home/h0tcat/デスクトップ/Folder/Programming/c++/RealRyouikiTenkai/OpenCV/build/CMakeFiles/CMakeTmp/src.cxx
/home/h0tcat/デスクトップ/Folder/Programming/c++/RealRyouikiTenkai/OpenCV/build/CMakeFiles/CMakeTmp/src.cxx:1:0: warning: ignoring #pragma   [-Wunknown-pragmas]
 #pragma
 ^
cc1plus: warning: unrecognized command line option ‘-Wno-unnamed-type-template-args’
Linking CXX executable cmTC_08802
/usr/bin/cmake -E cmake_link_script CMakeFiles/cmTC_08802.dir/link.txt --verbose=1
/usr/bin/c++     -O3 -DNDEBUG    CMakeFiles/cmTC_08802.dir/src.cxx.o  -o cmTC_08802 
make[1]: ディレクトリ '/home/h0tcat/デスクトップ/Folder/Programming/c++/RealRyouikiTenkai/OpenCV/build/CMakeFiles/CMakeTmp' から出ます

===== END =====

Build output check failed:
    Regex: 'unrecognized .*option'
    Output line: 'cc1: warning: unrecognized command line option ‘-Wno-unnamed-type-template-args’'
Compilation failed:
    source file: '/home/h0tcat/デスクトップ/Folder/Programming/c++/RealRyouikiTenkai/OpenCV/build/CMakeFiles/CMakeTmp/src.c'
    check option: ' -fsigned-char -W -Wall -Werror=return-type -Werror=non-virtual-dtor -Werror=address -Werror=sequence-point -Wformat -Werror=format-security -Wmissing-declarations -Wmissing-prototypes -Wstrict-prototypes -Wundef -Winit-self -Wpointer-arith -Wshadow -Wuninitialized  -Wno-unnamed-type-template-args'
===== BUILD LOG =====
Change Dir: /home/h0tcat/デスクトップ/Folder/Programming/c++/RealRyouikiTenkai/OpenCV/build/CMakeFiles/CMakeTmp

Run Build Command:"/usr/bin/make" "cmTC_9fff1/fast"
/usr/bin/make -f CMakeFiles/cmTC_9fff1.dir/build.make CMakeFiles/cmTC_9fff1.dir/build
make[1]: ディレクトリ '/home/h0tcat/デスクトップ/Folder/Programming/c++/RealRyouikiTenkai/OpenCV/build/CMakeFiles/CMakeTmp' に入ります
Building C object CMakeFiles/cmTC_9fff1.dir/src.c.o
/usr/bin/cc    -O3 -DNDEBUG -fPIE   -fsigned-char -W -Wall -Werror=return-type -Werror=non-virtual-dtor -Werror=address -Werror=sequence-point -Wformat -Werror=format-security -Wmissing-declarations -Wmissing-prototypes -Wstrict-prototypes -Wundef -Winit-self -Wpointer-arith -Wshadow -Wuninitialized -Wno-unnamed-type-template-args -o CMakeFiles/cmTC_9fff1.dir/src.c.o   -c /home/h0tcat/デスクトップ/Folder/Programming/c++/RealRyouikiTenkai/OpenCV/build/CMakeFiles/CMakeTmp/src.c
/home/h0tcat/デスクトップ/Folder/Programming/c++/RealRyouikiTenkai/OpenCV/build/CMakeFiles/CMakeTmp/src.c:1:0: warning: ignoring #pragma   [-Wunknown-pragmas]
 #pragma
 ^
cc1: warning: unrecognized command line option ‘-Wno-unnamed-type-template-args’
Linking C executable cmTC_9fff1
/usr/bin/cmake -E cmake_link_script CMakeFiles/cmTC_9fff1.dir/link.txt --verbose=1
/usr/bin/cc    -O3 -DNDEBUG    CMakeFiles/cmTC_9fff1.dir/src.c.o  -o cmTC_9fff1 
make[1]: ディレクトリ '/home/h0tcat/デスクトップ/Folder/Programming/c++/RealRyouikiTenkai/OpenCV/build/CMakeFiles/CMakeTmp' から出ます

===== END =====

Build output check failed:
    Regex: 'command[- ]line option .* is valid for .* but not for C'
    Output line: 'cc1: warning: command line option ‘-fvisibility-inlines-hidden’ is valid for C++/ObjC++ but not for C'
Compilation failed:
    source file: '/home/h0tcat/デスクトップ/Folder/Programming/c++/RealRyouikiTenkai/OpenCV/build/CMakeFiles/CMakeTmp/src.c'
    check option: ' -fsigned-char -W -Wall -Werror=return-type -Werror=non-virtual-dtor -Werror=address -Werror=sequence-point -Wformat -Werror=format-security -Wmissing-declarations -Wmissing-prototypes -Wstrict-prototypes -Wundef -Winit-self -Wpointer-arith -Wshadow -Wuninitialized -Wno-comment -fdiagnostics-show-option -Wno-long-long -pthread -fomit-frame-pointer -ffunction-sections -fdata-sections  -msse -msse2 -msse3 -fvisibility=hidden  -fvisibility-inlines-hidden'
===== BUILD LOG =====
Change Dir: /home/h0tcat/デスクトップ/Folder/Programming/c++/RealRyouikiTenkai/OpenCV/build/CMakeFiles/CMakeTmp

Run Build Command:"/usr/bin/make" "cmTC_d671b/fast"
/usr/bin/make -f CMakeFiles/cmTC_d671b.dir/build.make CMakeFiles/cmTC_d671b.dir/build
make[1]: ディレクトリ '/home/h0tcat/デスクトップ/Folder/Programming/c++/RealRyouikiTenkai/OpenCV/build/CMakeFiles/CMakeTmp' に入ります
Building C object CMakeFiles/cmTC_d671b.dir/src.c.o
/usr/bin/cc    -O3 -DNDEBUG -fPIE   -fsigned-char -W -Wall -Werror=return-type -Werror=non-virtual-dtor -Werror=address -Werror=sequence-point -Wformat -Werror=format-security -Wmissing-declarations -Wmissing-prototypes -Wstrict-prototypes -Wundef -Winit-self -Wpointer-arith -Wshadow -Wuninitialized -Wno-comment -fdiagnostics-show-option -Wno-long-long -pthread -fomit-frame-pointer -ffunction-sections -fdata-sections -msse -msse2 -msse3 -fvisibility=hidden -fvisibility-inlines-hidden -o CMakeFiles/cmTC_d671b.dir/src.c.o   -c /home/h0tcat/デスクトップ/Folder/Programming/c++/RealRyouikiTenkai/OpenCV/build/CMakeFiles/CMakeTmp/src.c
cc1: warning: command line option ‘-fvisibility-inlines-hidden’ is valid for C++/ObjC++ but not for C
/home/h0tcat/デスクトップ/Folder/Programming/c++/RealRyouikiTenkai/OpenCV/build/CMakeFiles/CMakeTmp/src.c:1:0: warning: ignoring #pragma   [-Wunknown-pragmas]
 #pragma
 ^
Linking C executable cmTC_d671b
/usr/bin/cmake -E cmake_link_script CMakeFiles/cmTC_d671b.dir/link.txt --verbose=1
/usr/bin/cc    -O3 -DNDEBUG    CMakeFiles/cmTC_d671b.dir/src.c.o  -o cmTC_d671b 
make[1]: ディレクトリ '/home/h0tcat/デスクトップ/Folder/Programming/c++/RealRyouikiTenkai/OpenCV/build/CMakeFiles/CMakeTmp' から出ます

===== END =====

Determining if the system is big endian passed with the following output:
Change Dir: /home/h0tcat/デスクトップ/Folder/Programming/c++/RealRyouikiTenkai/OpenCV/build/CMakeFiles/CMakeTmp

Run Build Command:"/usr/bin/make" "cmTC_c9884/fast"
/usr/bin/make -f CMakeFiles/cmTC_c9884.dir/build.make CMakeFiles/cmTC_c9884.dir/build
make[1]: ディレクトリ '/home/h0tcat/デスクトップ/Folder/Programming/c++/RealRyouikiTenkai/OpenCV/build/CMakeFiles/CMakeTmp' に入ります
Building C object CMakeFiles/cmTC_c9884.dir/TestEndianess.c.o
/usr/bin/cc    -fsigned-char -W -Wall -Werror=return-type -Werror=non-virtual-dtor -Werror=address -Werror=sequence-point -Wformat -Werror=format-security -Wmissing-declarations -Wmissing-prototypes -Wstrict-prototypes -Wundef -Winit-self -Wpointer-arith -Wshadow -Wuninitialized -Wno-comment -fdiagnostics-show-option -Wno-long-long -pthread -fomit-frame-pointer -ffunction-sections -fdata-sections  -msse -msse2 -msse3 -fvisibility=hidden  -O3 -DNDEBUG -fPIE   -o CMakeFiles/cmTC_c9884.dir/TestEndianess.c.o   -c /home/h0tcat/デスクトップ/Folder/Programming/c++/RealRyouikiTenkai/OpenCV/build/CMakeFiles/CMakeTmp/TestEndianess.c
Linking C executable cmTC_c9884
/usr/bin/cmake -E cmake_link_script CMakeFiles/cmTC_c9884.dir/link.txt --verbose=1
/usr/bin/cc     -fsigned-char -W -Wall -Werror=return-type -Werror=non-virtual-dtor -Werror=address -Werror=sequence-point -Wformat -Werror=format-security -Wmissing-declarations -Wmissing-prototypes -Wstrict-prototypes -Wundef -Winit-self -Wpointer-arith -Wshadow -Wuninitialized -Wno-comment -fdiagnostics-show-option -Wno-long-long -pthread -fomit-frame-pointer -ffunction-sections -fdata-sections  -msse -msse2 -msse3 -fvisibility=hidden  -O3 -DNDEBUG    -Wl,--gc-sections -Wl,--as-needed  CMakeFiles/cmTC_c9884.dir/TestEndianess.c.o  -o cmTC_c9884 
make[1]: ディレクトリ '/home/h0tcat/デスクトップ/Folder/Programming/c++/RealRyouikiTenkai/OpenCV/build/CMakeFiles/CMakeTmp' から出ます

TestEndianess.c:
/* A 16 bit integer is required. */
typedef unsigned short cmakeint16;

/* On a little endian machine, these 16bit ints will give "THIS IS LITTLE ENDIAN."
   On a big endian machine the characters will be exchanged pairwise. */
const cmakeint16 info_little[] =  {0x4854, 0x5349, 0x4920, 0x2053, 0x494c, 0x5454, 0x454c, 0x4520, 0x444e, 0x4149, 0x2e4e, 0x0000};

/* on a big endian machine, these 16bit ints will give "THIS IS BIG ENDIAN."
   On a little endian machine the characters will be exchanged pairwise. */
const cmakeint16 info_big[] =     {0x5448, 0x4953, 0x2049, 0x5320, 0x4249, 0x4720, 0x454e, 0x4449, 0x414e, 0x2e2e, 0x0000};

#ifdef __CLASSIC_C__
int main(argc, argv) int argc; char *argv[];
#else
int main(int argc, char *argv[])
#endif
{
  int require = 0;
  require += info_little[argc];
  require += info_big[argc];
  (void)argv;
  return require;
}


Build output check failed:
    Regex: 'unrecognized .*option'
    Output line: 'cc1: warning: unrecognized command line option ‘-Wno-implicit-const-int-float-conversion’'
Compilation failed:
    source file: '/home/h0tcat/デスクトップ/Folder/Programming/c++/RealRyouikiTenkai/OpenCV/build/CMakeFiles/CMakeTmp/src.c'
    check option: ' -Wno-implicit-const-int-float-conversion'
===== BUILD LOG =====
Change Dir: /home/h0tcat/デスクトップ/Folder/Programming/c++/RealRyouikiTenkai/OpenCV/build/CMakeFiles/CMakeTmp

Run Build Command:"/usr/bin/make" "cmTC_5650e/fast"
/usr/bin/make -f CMakeFiles/cmTC_5650e.dir/build.make CMakeFiles/cmTC_5650e.dir/build
make[1]: ディレクトリ '/home/h0tcat/デスクトップ/Folder/Programming/c++/RealRyouikiTenkai/OpenCV/build/CMakeFiles/CMakeTmp' に入ります
Building C object CMakeFiles/cmTC_5650e.dir/src.c.o
/usr/bin/cc    -fsigned-char -W -Wall -Werror=return-type -Werror=non-virtual-dtor -Werror=address -Werror=sequence-point -Wformat -Werror=format-security -Wmissing-declarations -Wmissing-prototypes -Wstrict-prototypes -Wundef -Winit-self -Wpointer-arith -Wshadow -Wuninitialized -Wno-comment -fdiagnostics-show-option -Wno-long-long -pthread -fomit-frame-pointer -ffunction-sections -fdata-sections  -msse -msse2 -msse3 -fvisibility=hidden  -O3 -DNDEBUG -fPIE   -Wno-implicit-const-int-float-conversion -o CMakeFiles/cmTC_5650e.dir/src.c.o   -c /home/h0tcat/デスクトップ/Folder/Programming/c++/RealRyouikiTenkai/OpenCV/build/CMakeFiles/CMakeTmp/src.c
/home/h0tcat/デスクトップ/Folder/Programming/c++/RealRyouikiTenkai/OpenCV/build/CMakeFiles/CMakeTmp/src.c:1:0: warning: ignoring #pragma   [-Wunknown-pragmas]
 #pragma
 ^
cc1: warning: unrecognized command line option ‘-Wno-implicit-const-int-float-conversion’
Linking C executable cmTC_5650e
/usr/bin/cmake -E cmake_link_script CMakeFiles/cmTC_5650e.dir/link.txt --verbose=1
/usr/bin/cc     -fsigned-char -W -Wall -Werror=return-type -Werror=non-virtual-dtor -Werror=address -Werror=sequence-point -Wformat -Werror=format-security -Wmissing-declarations -Wmissing-prototypes -Wstrict-prototypes -Wundef -Winit-self -Wpointer-arith -Wshadow -Wuninitialized -Wno-comment -fdiagnostics-show-option -Wno-long-long -pthread -fomit-frame-pointer -ffunction-sections -fdata-sections  -msse -msse2 -msse3 -fvisibility=hidden  -O3 -DNDEBUG    -Wl,--gc-sections -Wl,--as-needed  CMakeFiles/cmTC_5650e.dir/src.c.o  -o cmTC_5650e 
make[1]: ディレクトリ '/home/h0tcat/デスクトップ/Folder/Programming/c++/RealRyouikiTenkai/OpenCV/build/CMakeFiles/CMakeTmp' から出ます

===== END =====

Determining if the system is big endian passed with the following output:
Change Dir: /home/h0tcat/デスクトップ/Folder/Programming/c++/RealRyouikiTenkai/OpenCV/build/CMakeFiles/CMakeTmp

Run Build Command:"/usr/bin/make" "cmTC_74502/fast"
/usr/bin/make -f CMakeFiles/cmTC_74502.dir/build.make CMakeFiles/cmTC_74502.dir/build
make[1]: ディレクトリ '/home/h0tcat/デスクトップ/Folder/Programming/c++/RealRyouikiTenkai/OpenCV/build/CMakeFiles/CMakeTmp' に入ります
Building C object CMakeFiles/cmTC_74502.dir/TestEndianess.c.o
/usr/bin/cc    -fsigned-char -W -Wall -Werror=return-type -Werror=non-virtual-dtor -Werror=address -Werror=sequence-point -Wformat -Werror=format-security -Wmissing-declarations -Wmissing-prototypes -Wstrict-prototypes -Wundef -Winit-self -Wpointer-arith -Wshadow -Wuninitialized -Wno-comment -fdiagnostics-show-option -Wno-long-long -pthread -fomit-frame-pointer -ffunction-sections -fdata-sections  -msse -msse2 -msse3 -fvisibility=hidden  -O3 -DNDEBUG -fPIE   -o CMakeFiles/cmTC_74502.dir/TestEndianess.c.o   -c /home/h0tcat/デスクトップ/Folder/Programming/c++/RealRyouikiTenkai/OpenCV/build/CMakeFiles/CMakeTmp/TestEndianess.c
Linking C executable cmTC_74502
/usr/bin/cmake -E cmake_link_script CMakeFiles/cmTC_74502.dir/link.txt --verbose=1
/usr/bin/cc     -fsigned-char -W -Wall -Werror=return-type -Werror=non-virtual-dtor -Werror=address -Werror=sequence-point -Wformat -Werror=format-security -Wmissing-declarations -Wmissing-prototypes -Wstrict-prototypes -Wundef -Winit-self -Wpointer-arith -Wshadow -Wuninitialized -Wno-comment -fdiagnostics-show-option -Wno-long-long -pthread -fomit-frame-pointer -ffunction-sections -fdata-sections  -msse -msse2 -msse3 -fvisibility=hidden  -O3 -DNDEBUG    -Wl,--gc-sections -Wl,--as-needed  CMakeFiles/cmTC_74502.dir/TestEndianess.c.o  -o cmTC_74502 
make[1]: ディレクトリ '/home/h0tcat/デスクトップ/Folder/Programming/c++/RealRyouikiTenkai/OpenCV/build/CMakeFiles/CMakeTmp' から出ます

TestEndianess.c:
/* A 16 bit integer is required. */
typedef unsigned short cmakeint16;

/* On a little endian machine, these 16bit ints will give "THIS IS LITTLE ENDIAN."
   On a big endian machine the characters will be exchanged pairwise. */
const cmakeint16 info_little[] =  {0x4854, 0x5349, 0x4920, 0x2053, 0x494c, 0x5454, 0x454c, 0x4520, 0x444e, 0x4149, 0x2e4e, 0x0000};

/* on a big endian machine, these 16bit ints will give "THIS IS BIG ENDIAN."
   On a little endian machine the characters will be exchanged pairwise. */
const cmakeint16 info_big[] =     {0x5448, 0x4953, 0x2049, 0x5320, 0x4249, 0x4720, 0x454e, 0x4449, 0x414e, 0x2e2e, 0x0000};

#ifdef __CLASSIC_C__
int main(argc, argv) int argc; char *argv[];
#else
int main(int argc, char *argv[])
#endif
{
  int require = 0;
  require += info_little[argc];
  require += info_big[argc];
  (void)argv;
  return require;
}


Determining if the _aligned_malloc exist failed with the following output:
Change Dir: /home/h0tcat/デスクトップ/Folder/Programming/c++/RealRyouikiTenkai/OpenCV/build/CMakeFiles/CMakeTmp

Run Build Command:"/usr/bin/make" "cmTC_95c8e/fast"
/usr/bin/make -f CMakeFiles/cmTC_95c8e.dir/build.make CMakeFiles/cmTC_95c8e.dir/build
make[1]: ディレクトリ '/home/h0tcat/デスクトップ/Folder/Programming/c++/RealRyouikiTenkai/OpenCV/build/CMakeFiles/CMakeTmp' に入ります
Building C object CMakeFiles/cmTC_95c8e.dir/CheckSymbolExists.c.o
/usr/bin/cc    -fsigned-char -W -Wall -Werror=return-type -Werror=non-virtual-dtor -Werror=address -Werror=sequence-point -Wformat -Werror=format-security -Wmissing-declarations -Wmissing-prototypes -Wstrict-prototypes -Wundef -Winit-self -Wpointer-arith -Wshadow -Wuninitialized -Wno-comment -fdiagnostics-show-option -Wno-long-long -pthread -fomit-frame-pointer -ffunction-sections -fdata-sections  -msse -msse2 -msse3 -fvisibility=hidden  -O3 -DNDEBUG -fPIE   -o CMakeFiles/cmTC_95c8e.dir/CheckSymbolExists.c.o   -c /home/h0tcat/デスクトップ/Folder/Programming/c++/RealRyouikiTenkai/OpenCV/build/CMakeFiles/CMakeTmp/CheckSymbolExists.c
/home/h0tcat/デスクトップ/Folder/Programming/c++/RealRyouikiTenkai/OpenCV/build/CMakeFiles/CMakeTmp/CheckSymbolExists.c: In function ‘main’:
/home/h0tcat/デスクトップ/Folder/Programming/c++/RealRyouikiTenkai/OpenCV/build/CMakeFiles/CMakeTmp/CheckSymbolExists.c:8:19: error: ‘_aligned_malloc’ undeclared (first use in this function)
   return ((int*)(&_aligned_malloc))[argc];
                   ^
/home/h0tcat/デスクトップ/Folder/Programming/c++/RealRyouikiTenkai/OpenCV/build/CMakeFiles/CMakeTmp/CheckSymbolExists.c:8:19: note: each undeclared identifier is reported only once for each function it appears in
/home/h0tcat/デスクトップ/Folder/Programming/c++/RealRyouikiTenkai/OpenCV/build/CMakeFiles/CMakeTmp/CheckSymbolExists.c:4:14: warning: parameter ‘argc’ set but not used [-Wunused-but-set-parameter]
 int main(int argc, char** argv)
              ^
CMakeFiles/cmTC_95c8e.dir/build.make:65: ターゲット 'CMakeFiles/cmTC_95c8e.dir/CheckSymbolExists.c.o' のレシピで失敗しました
make[1]: *** [CMakeFiles/cmTC_95c8e.dir/CheckSymbolExists.c.o] エラー 1
make[1]: ディレクトリ '/home/h0tcat/デスクトップ/Folder/Programming/c++/RealRyouikiTenkai/OpenCV/build/CMakeFiles/CMakeTmp' から出ます
Makefile:126: ターゲット 'cmTC_95c8e/fast' のレシピで失敗しました
make: *** [cmTC_95c8e/fast] エラー 2

File /home/h0tcat/デスクトップ/Folder/Programming/c++/RealRyouikiTenkai/OpenCV/build/CMakeFiles/CMakeTmp/CheckSymbolExists.c:
/* */
#include <malloc.h>

int main(int argc, char** argv)
{
  (void)argv;
#ifndef _aligned_malloc
  return ((int*)(&_aligned_malloc))[argc];
#else
  (void)argc;
  return 0;
#endif
}

Build output check failed:
    Regex: 'unrecognized .*option'
    Output line: 'cc1: warning: unrecognized command line option ‘-Wno-cast-function-type’'
Compilation failed:
    source file: '/home/h0tcat/デスクトップ/Folder/Programming/c++/RealRyouikiTenkai/OpenCV/build/CMakeFiles/CMakeTmp/src.c'
    check option: ' -Wno-cast-function-type'
===== BUILD LOG =====
Change Dir: /home/h0tcat/デスクトップ/Folder/Programming/c++/RealRyouikiTenkai/OpenCV/build/CMakeFiles/CMakeTmp

Run Build Command:"/usr/bin/make" "cmTC_582bd/fast"
/usr/bin/make -f CMakeFiles/cmTC_582bd.dir/build.make CMakeFiles/cmTC_582bd.dir/build
make[1]: ディレクトリ '/home/h0tcat/デスクトップ/Folder/Programming/c++/RealRyouikiTenkai/OpenCV/build/CMakeFiles/CMakeTmp' に入ります
Building C object CMakeFiles/cmTC_582bd.dir/src.c.o
/usr/bin/cc    -fsigned-char -W -Wall -Werror=return-type -Werror=non-virtual-dtor -Werror=address -Werror=sequence-point -Wformat -Werror=format-security -Wmissing-declarations -Wmissing-prototypes -Winit-self -Wpointer-arith -Wshadow -Wuninitialized -Wno-comment -fdiagnostics-show-option -Wno-long-long -pthread -fomit-frame-pointer -ffunction-sections -fdata-sections  -msse -msse2 -msse3 -fvisibility=hidden -Wno-undef -Wno-strict-prototypes  -O3 -DNDEBUG -fPIE   -Wno-cast-function-type -o CMakeFiles/cmTC_582bd.dir/src.c.o   -c /home/h0tcat/デスクトップ/Folder/Programming/c++/RealRyouikiTenkai/OpenCV/build/CMakeFiles/CMakeTmp/src.c
/home/h0tcat/デスクトップ/Folder/Programming/c++/RealRyouikiTenkai/OpenCV/build/CMakeFiles/CMakeTmp/src.c:1:0: warning: ignoring #pragma   [-Wunknown-pragmas]
 #pragma
 ^
cc1: warning: unrecognized command line option ‘-Wno-cast-function-type’
Linking C executable cmTC_582bd
/usr/bin/cmake -E cmake_link_script CMakeFiles/cmTC_582bd.dir/link.txt --verbose=1
/usr/bin/cc     -fsigned-char -W -Wall -Werror=return-type -Werror=non-virtual-dtor -Werror=address -Werror=sequence-point -Wformat -Werror=format-security -Wmissing-declarations -Wmissing-prototypes -Winit-self -Wpointer-arith -Wshadow -Wuninitialized -Wno-comment -fdiagnostics-show-option -Wno-long-long -pthread -fomit-frame-pointer -ffunction-sections -fdata-sections  -msse -msse2 -msse3 -fvisibility=hidden -Wno-undef -Wno-strict-prototypes  -O3 -DNDEBUG    -Wl,--gc-sections -Wl,--as-needed  CMakeFiles/cmTC_582bd.dir/src.c.o  -o cmTC_582bd 
make[1]: ディレクトリ '/home/h0tcat/デスクトップ/Folder/Programming/c++/RealRyouikiTenkai/OpenCV/build/CMakeFiles/CMakeTmp' から出ます

===== END =====

Build output check failed:
    Regex: 'command[- ]line option .* is valid for .* but not for C\+\+'
    Output line: 'cc1plus: warning: command line option ‘-Wno-missing-prototypes’ is valid for C/ObjC but not for C++'
Compilation failed:
    source file: '/home/h0tcat/デスクトップ/Folder/Programming/c++/RealRyouikiTenkai/OpenCV/build/CMakeFiles/CMakeTmp/src.cxx'
    check option: ' -Wno-missing-prototypes'
===== BUILD LOG =====
Change Dir: /home/h0tcat/デスクトップ/Folder/Programming/c++/RealRyouikiTenkai/OpenCV/build/CMakeFiles/CMakeTmp

Run Build Command:"/usr/bin/make" "cmTC_f1dc3/fast"
/usr/bin/make -f CMakeFiles/cmTC_f1dc3.dir/build.make CMakeFiles/cmTC_f1dc3.dir/build
make[1]: ディレクトリ '/home/h0tcat/デスクトップ/Folder/Programming/c++/RealRyouikiTenkai/OpenCV/build/CMakeFiles/CMakeTmp' に入ります
Building CXX object CMakeFiles/cmTC_f1dc3.dir/src.cxx.o
/usr/bin/c++     -fsigned-char -W -Wall -Werror=return-type -Werror=non-virtual-dtor -Werror=address -Werror=sequence-point -Wformat -Werror=format-security -Wmissing-declarations -Wundef -Winit-self -Wpointer-arith -Wshadow -Wsign-promo -Wuninitialized -Wsuggest-override -Wno-delete-non-virtual-dtor -Wno-comment -fdiagnostics-show-option -Wno-long-long -pthread -fomit-frame-pointer -ffunction-sections -fdata-sections  -msse -msse2 -msse3 -fvisibility=hidden -fvisibility-inlines-hidden -Wno-deprecated  -O3 -DNDEBUG -fPIE   -Wno-missing-prototypes -std=c++11 -o CMakeFiles/cmTC_f1dc3.dir/src.cxx.o -c /home/h0tcat/デスクトップ/Folder/Programming/c++/RealRyouikiTenkai/OpenCV/build/CMakeFiles/CMakeTmp/src.cxx
cc1plus: warning: command line option ‘-Wno-missing-prototypes’ is valid for C/ObjC but not for C++
/home/h0tcat/デスクトップ/Folder/Programming/c++/RealRyouikiTenkai/OpenCV/build/CMakeFiles/CMakeTmp/src.cxx:1:0: warning: ignoring #pragma   [-Wunknown-pragmas]
 #pragma
 ^
Linking CXX executable cmTC_f1dc3
/usr/bin/cmake -E cmake_link_script CMakeFiles/cmTC_f1dc3.dir/link.txt --verbose=1
/usr/bin/c++      -fsigned-char -W -Wall -Werror=return-type -Werror=non-virtual-dtor -Werror=address -Werror=sequence-point -Wformat -Werror=format-security -Wmissing-declarations -Wundef -Winit-self -Wpointer-arith -Wshadow -Wsign-promo -Wuninitialized -Wsuggest-override -Wno-delete-non-virtual-dtor -Wno-comment -fdiagnostics-show-option -Wno-long-long -pthread -fomit-frame-pointer -ffunction-sections -fdata-sections  -msse -msse2 -msse3 -fvisibility=hidden -fvisibility-inlines-hidden -Wno-deprecated  -O3 -DNDEBUG    -Wl,--gc-sections -Wl,--as-needed  CMakeFiles/cmTC_f1dc3.dir/src.cxx.o  -o cmTC_f1dc3 
make[1]: ディレクトリ '/home/h0tcat/デスクトップ/Folder/Programming/c++/RealRyouikiTenkai/OpenCV/build/CMakeFiles/CMakeTmp' から出ます

===== END =====

Build output check failed:
    Regex: 'unrecognized .*option'
    Output line: 'cc1plus: warning: unrecognized command line option ‘-Wno-tautological-undefined-compare’'
Compilation failed:
    source file: '/home/h0tcat/デスクトップ/Folder/Programming/c++/RealRyouikiTenkai/OpenCV/build/CMakeFiles/CMakeTmp/src.cxx'
    check option: ' -Wno-tautological-undefined-compare'
===== BUILD LOG =====
Change Dir: /home/h0tcat/デスクトップ/Folder/Programming/c++/RealRyouikiTenkai/OpenCV/build/CMakeFiles/CMakeTmp

Run Build Command:"/usr/bin/make" "cmTC_a1d8c/fast"
/usr/bin/make -f CMakeFiles/cmTC_a1d8c.dir/build.make CMakeFiles/cmTC_a1d8c.dir/build
make[1]: ディレクトリ '/home/h0tcat/デスクトップ/Folder/Programming/c++/RealRyouikiTenkai/OpenCV/build/CMakeFiles/CMakeTmp' に入ります
Building CXX object CMakeFiles/cmTC_a1d8c.dir/src.cxx.o
/usr/bin/c++     -fsigned-char -W -Wall -Werror=return-type -Werror=non-virtual-dtor -Werror=address -Werror=sequence-point -Wformat -Werror=format-security -Winit-self -Wpointer-arith -Wuninitialized -Wsuggest-override -Wno-delete-non-virtual-dtor -Wno-comment -fdiagnostics-show-option -Wno-long-long -pthread -fomit-frame-pointer -ffunction-sections -fdata-sections  -msse -msse2 -msse3 -fvisibility=hidden -fvisibility-inlines-hidden -Wno-deprecated -Wno-missing-declarations -Wno-shadow -Wno-unused-parameter -Wno-unused-local-typedefs -Wno-sign-compare -Wno-sign-promo -Wno-undef  -O3 -DNDEBUG -fPIE   -Wno-tautological-undefined-compare -std=c++11 -o CMakeFiles/cmTC_a1d8c.dir/src.cxx.o -c /home/h0tcat/デスクトップ/Folder/Programming/c++/RealRyouikiTenkai/OpenCV/build/CMakeFiles/CMakeTmp/src.cxx
/home/h0tcat/デスクトップ/Folder/Programming/c++/RealRyouikiTenkai/OpenCV/build/CMakeFiles/CMakeTmp/src.cxx:1:0: warning: ignoring #pragma   [-Wunknown-pragmas]
 #pragma
 ^
cc1plus: warning: unrecognized command line option ‘-Wno-tautological-undefined-compare’
Linking CXX executable cmTC_a1d8c
/usr/bin/cmake -E cmake_link_script CMakeFiles/cmTC_a1d8c.dir/link.txt --verbose=1
/usr/bin/c++      -fsigned-char -W -Wall -Werror=return-type -Werror=non-virtual-dtor -Werror=address -Werror=sequence-point -Wformat -Werror=format-security -Winit-self -Wpointer-arith -Wuninitialized -Wsuggest-override -Wno-delete-non-virtual-dtor -Wno-comment -fdiagnostics-show-option -Wno-long-long -pthread -fomit-frame-pointer -ffunction-sections -fdata-sections  -msse -msse2 -msse3 -fvisibility=hidden -fvisibility-inlines-hidden -Wno-deprecated -Wno-missing-declarations -Wno-shadow -Wno-unused-parameter -Wno-unused-local-typedefs -Wno-sign-compare -Wno-sign-promo -Wno-undef  -O3 -DNDEBUG    -Wl,--gc-sections -Wl,--as-needed  CMakeFiles/cmTC_a1d8c.dir/src.cxx.o  -o cmTC_a1d8c 
make[1]: ディレクトリ '/home/h0tcat/デスクトップ/Folder/Programming/c++/RealRyouikiTenkai/OpenCV/build/CMakeFiles/CMakeTmp' から出ます

===== END =====

Build output check failed:
    Regex: 'unrecognized .*option'
    Output line: 'cc1plus: warning: unrecognized command line option ‘-Wno-unused-const-variable’'
Compilation failed:
    source file: '/home/h0tcat/デスクトップ/Folder/Programming/c++/RealRyouikiTenkai/OpenCV/build/CMakeFiles/CMakeTmp/src.cxx'
    check option: ' -Wno-unused-const-variable'
===== BUILD LOG =====
Change Dir: /home/h0tcat/デスクトップ/Folder/Programming/c++/RealRyouikiTenkai/OpenCV/build/CMakeFiles/CMakeTmp

Run Build Command:"/usr/bin/make" "cmTC_666f6/fast"
/usr/bin/make -f CMakeFiles/cmTC_666f6.dir/build.make CMakeFiles/cmTC_666f6.dir/build
make[1]: ディレクトリ '/home/h0tcat/デスクトップ/Folder/Programming/c++/RealRyouikiTenkai/OpenCV/build/CMakeFiles/CMakeTmp' に入ります
Building CXX object CMakeFiles/cmTC_666f6.dir/src.cxx.o
/usr/bin/c++     -fsigned-char -W -Wall -Werror=return-type -Werror=non-virtual-dtor -Werror=address -Werror=sequence-point -Wformat -Werror=format-security -Winit-self -Wpointer-arith -Wuninitialized -Wsuggest-override -Wno-delete-non-virtual-dtor -Wno-comment -fdiagnostics-show-option -Wno-long-long -pthread -fomit-frame-pointer -ffunction-sections -fdata-sections  -msse -msse2 -msse3 -fvisibility=hidden -fvisibility-inlines-hidden -Wno-deprecated -Wno-missing-declarations -Wno-shadow -Wno-unused-parameter -Wno-unused-local-typedefs -Wno-sign-compare -Wno-sign-promo -Wno-undef -Wno-ignored-qualifiers -Wno-extra -Wno-unused-function  -O3 -DNDEBUG -fPIE   -Wno-unused-const-variable -std=c++11 -o CMakeFiles/cmTC_666f6.dir/src.cxx.o -c /home/h0tcat/デスクトップ/Folder/Programming/c++/RealRyouikiTenkai/OpenCV/build/CMakeFiles/CMakeTmp/src.cxx
/home/h0tcat/デスクトップ/Folder/Programming/c++/RealRyouikiTenkai/OpenCV/build/CMakeFiles/CMakeTmp/src.cxx:1:0: warning: ignoring #pragma   [-Wunknown-pragmas]
 #pragma
 ^
cc1plus: warning: unrecognized command line option ‘-Wno-unused-const-variable’
Linking CXX executable cmTC_666f6
/usr/bin/cmake -E cmake_link_script CMakeFiles/cmTC_666f6.dir/link.txt --verbose=1
/usr/bin/c++      -fsigned-char -W -Wall -Werror=return-type -Werror=non-virtual-dtor -Werror=address -Werror=sequence-point -Wformat -Werror=format-security -Winit-self -Wpointer-arith -Wuninitialized -Wsuggest-override -Wno-delete-non-virtual-dtor -Wno-comment -fdiagnostics-show-option -Wno-long-long -pthread -fomit-frame-pointer -ffunction-sections -fdata-sections  -msse -msse2 -msse3 -fvisibility=hidden -fvisibility-inlines-hidden -Wno-deprecated -Wno-missing-declarations -Wno-shadow -Wno-unused-parameter -Wno-unused-local-typedefs -Wno-sign-compare -Wno-sign-promo -Wno-undef -Wno-ignored-qualifiers -Wno-extra -Wno-unused-function  -O3 -DNDEBUG    -Wl,--gc-sections -Wl,--as-needed  CMakeFiles/cmTC_666f6.dir/src.cxx.o  -o cmTC_666f6 
make[1]: ディレクトリ '/home/h0tcat/デスクトップ/Folder/Programming/c++/RealRyouikiTenkai/OpenCV/build/CMakeFiles/CMakeTmp' から出ます

===== END =====

Build output check failed:
    Regex: 'unrecognized .*option'
    Output line: 'cc1plus: warning: unrecognized command line option ‘-Wno-shorten-64-to-32’'
Compilation failed:
    source file: '/home/h0tcat/デスクトップ/Folder/Programming/c++/RealRyouikiTenkai/OpenCV/build/CMakeFiles/CMakeTmp/src.cxx'
    check option: ' -Wno-shorten-64-to-32'
===== BUILD LOG =====
Change Dir: /home/h0tcat/デスクトップ/Folder/Programming/c++/RealRyouikiTenkai/OpenCV/build/CMakeFiles/CMakeTmp

Run Build Command:"/usr/bin/make" "cmTC_b9a69/fast"
/usr/bin/make -f CMakeFiles/cmTC_b9a69.dir/build.make CMakeFiles/cmTC_b9a69.dir/build
make[1]: ディレクトリ '/home/h0tcat/デスクトップ/Folder/Programming/c++/RealRyouikiTenkai/OpenCV/build/CMakeFiles/CMakeTmp' に入ります
Building CXX object CMakeFiles/cmTC_b9a69.dir/src.cxx.o
/usr/bin/c++     -fsigned-char -W -Wall -Werror=return-type -Werror=non-virtual-dtor -Werror=address -Werror=sequence-point -Wformat -Werror=format-security -Winit-self -Wpointer-arith -Wuninitialized -Wsuggest-override -Wno-delete-non-virtual-dtor -Wno-comment -fdiagnostics-show-option -Wno-long-long -pthread -fomit-frame-pointer -ffunction-sections -fdata-sections  -msse -msse2 -msse3 -fvisibility=hidden -fvisibility-inlines-hidden -Wno-deprecated -Wno-missing-declarations -Wno-shadow -Wno-unused-parameter -Wno-unused-local-typedefs -Wno-sign-compare -Wno-sign-promo -Wno-undef -Wno-ignored-qualifiers -Wno-extra -Wno-unused-function  -O3 -DNDEBUG -fPIE   -Wno-shorten-64-to-32 -std=c++11 -o CMakeFiles/cmTC_b9a69.dir/src.cxx.o -c /home/h0tcat/デスクトップ/Folder/Programming/c++/RealRyouikiTenkai/OpenCV/build/CMakeFiles/CMakeTmp/src.cxx
/home/h0tcat/デスクトップ/Folder/Programming/c++/RealRyouikiTenkai/OpenCV/build/CMakeFiles/CMakeTmp/src.cxx:1:0: warning: ignoring #pragma   [-Wunknown-pragmas]
 #pragma
 ^
cc1plus: warning: unrecognized command line option ‘-Wno-shorten-64-to-32’
Linking CXX executable cmTC_b9a69
/usr/bin/cmake -E cmake_link_script CMakeFiles/cmTC_b9a69.dir/link.txt --verbose=1
/usr/bin/c++      -fsigned-char -W -Wall -Werror=return-type -Werror=non-virtual-dtor -Werror=address -Werror=sequence-point -Wformat -Werror=format-security -Winit-self -Wpointer-arith -Wuninitialized -Wsuggest-override -Wno-delete-non-virtual-dtor -Wno-comment -fdiagnostics-show-option -Wno-long-long -pthread -fomit-frame-pointer -ffunction-sections -fdata-sections  -msse -msse2 -msse3 -fvisibility=hidden -fvisibility-inlines-hidden -Wno-deprecated -Wno-missing-declarations -Wno-shadow -Wno-unused-parameter -Wno-unused-local-typedefs -Wno-sign-compare -Wno-sign-promo -Wno-undef -Wno-ignored-qualifiers -Wno-extra -Wno-unused-function  -O3 -DNDEBUG    -Wl,--gc-sections -Wl,--as-needed  CMakeFiles/cmTC_b9a69.dir/src.cxx.o  -o cmTC_b9a69 
make[1]: ディレクトリ '/home/h0tcat/デスクトップ/Folder/Programming/c++/RealRyouikiTenkai/OpenCV/build/CMakeFiles/CMakeTmp' から出ます

===== END =====

Build output check failed:
    Regex: 'unrecognized .*option'
    Output line: 'cc1plus: warning: unrecognized command line option ‘-Wno-enum-compare-switch’'
Compilation failed:
    source file: '/home/h0tcat/デスクトップ/Folder/Programming/c++/RealRyouikiTenkai/OpenCV/build/CMakeFiles/CMakeTmp/src.cxx'
    check option: ' -Wno-enum-compare-switch'
===== BUILD LOG =====
Change Dir: /home/h0tcat/デスクトップ/Folder/Programming/c++/RealRyouikiTenkai/OpenCV/build/CMakeFiles/CMakeTmp

Run Build Command:"/usr/bin/make" "cmTC_6e113/fast"
/usr/bin/make -f CMakeFiles/cmTC_6e113.dir/build.make CMakeFiles/cmTC_6e113.dir/build
make[1]: ディレクトリ '/home/h0tcat/デスクトップ/Folder/Programming/c++/RealRyouikiTenkai/OpenCV/build/CMakeFiles/CMakeTmp' に入ります
Building CXX object CMakeFiles/cmTC_6e113.dir/src.cxx.o
/usr/bin/c++     -fsigned-char -W -Wall -Werror=return-type -Werror=non-virtual-dtor -Werror=address -Werror=sequence-point -Wformat -Werror=format-security -Winit-self -Wpointer-arith -Wuninitialized -Wsuggest-override -Wno-delete-non-virtual-dtor -Wno-comment -fdiagnostics-show-option -Wno-long-long -pthread -fomit-frame-pointer -ffunction-sections -fdata-sections  -msse -msse2 -msse3 -fvisibility=hidden -fvisibility-inlines-hidden -Wno-deprecated -Wno-missing-declarations -Wno-shadow -Wno-unused-parameter -Wno-unused-local-typedefs -Wno-sign-compare -Wno-sign-promo -Wno-undef -Wno-ignored-qualifiers -Wno-extra -Wno-unused-function -Wno-invalid-offsetof  -O3 -DNDEBUG -fPIE   -Wno-enum-compare-switch -std=c++11 -o CMakeFiles/cmTC_6e113.dir/src.cxx.o -c /home/h0tcat/デスクトップ/Folder/Programming/c++/RealRyouikiTenkai/OpenCV/build/CMakeFiles/CMakeTmp/src.cxx
/home/h0tcat/デスクトップ/Folder/Programming/c++/RealRyouikiTenkai/OpenCV/build/CMakeFiles/CMakeTmp/src.cxx:1:0: warning: ignoring #pragma   [-Wunknown-pragmas]
 #pragma
 ^
cc1plus: warning: unrecognized command line option ‘-Wno-enum-compare-switch’
Linking CXX executable cmTC_6e113
/usr/bin/cmake -E cmake_link_script CMakeFiles/cmTC_6e113.dir/link.txt --verbose=1
/usr/bin/c++      -fsigned-char -W -Wall -Werror=return-type -Werror=non-virtual-dtor -Werror=address -Werror=sequence-point -Wformat -Werror=format-security -Winit-self -Wpointer-arith -Wuninitialized -Wsuggest-override -Wno-delete-non-virtual-dtor -Wno-comment -fdiagnostics-show-option -Wno-long-long -pthread -fomit-frame-pointer -ffunction-sections -fdata-sections  -msse -msse2 -msse3 -fvisibility=hidden -fvisibility-inlines-hidden -Wno-deprecated -Wno-missing-declarations -Wno-shadow -Wno-unused-parameter -Wno-unused-local-typedefs -Wno-sign-compare -Wno-sign-promo -Wno-undef -Wno-ignored-qualifiers -Wno-extra -Wno-unused-function -Wno-invalid-offsetof  -O3 -DNDEBUG    -Wl,--gc-sections -Wl,--as-needed  CMakeFiles/cmTC_6e113.dir/src.cxx.o  -o cmTC_6e113 
make[1]: ディレクトリ '/home/h0tcat/デスクトップ/Folder/Programming/c++/RealRyouikiTenkai/OpenCV/build/CMakeFiles/CMakeTmp' から出ます

===== END =====

Build output check failed:
    Regex: 'unrecognized .*option'
    Output line: 'cc1plus: warning: unrecognized command line option ‘-Wno-inconsistent-missing-override’'
Compilation failed:
    source file: '/home/h0tcat/デスクトップ/Folder/Programming/c++/RealRyouikiTenkai/OpenCV/build/CMakeFiles/CMakeTmp/src.cxx'
    check option: ' -Wno-inconsistent-missing-override'
===== BUILD LOG =====
Change Dir: /home/h0tcat/デスクトップ/Folder/Programming/c++/RealRyouikiTenkai/OpenCV/build/CMakeFiles/CMakeTmp

Run Build Command:"/usr/bin/make" "cmTC_64ea9/fast"
/usr/bin/make -f CMakeFiles/cmTC_64ea9.dir/build.make CMakeFiles/cmTC_64ea9.dir/build
make[1]: ディレクトリ '/home/h0tcat/デスクトップ/Folder/Programming/c++/RealRyouikiTenkai/OpenCV/build/CMakeFiles/CMakeTmp' に入ります
Building CXX object CMakeFiles/cmTC_64ea9.dir/src.cxx.o
/usr/bin/c++     -fsigned-char -W -Wall -Werror=return-type -Werror=non-virtual-dtor -Werror=address -Werror=sequence-point -Wformat -Werror=format-security -Winit-self -Wpointer-arith -Wuninitialized -Wno-delete-non-virtual-dtor -Wno-comment -fdiagnostics-show-option -Wno-long-long -pthread -fomit-frame-pointer -ffunction-sections -fdata-sections  -msse -msse2 -msse3 -fvisibility=hidden -fvisibility-inlines-hidden -Wno-deprecated -Wno-missing-declarations -Wno-shadow -Wno-unused-parameter -Wno-unused-local-typedefs -Wno-sign-compare -Wno-sign-promo -Wno-undef -Wno-ignored-qualifiers -Wno-extra -Wno-unused-function -Wno-invalid-offsetof -Wno-suggest-override  -O3 -DNDEBUG -fPIE   -Wno-inconsistent-missing-override -std=c++11 -o CMakeFiles/cmTC_64ea9.dir/src.cxx.o -c /home/h0tcat/デスクトップ/Folder/Programming/c++/RealRyouikiTenkai/OpenCV/build/CMakeFiles/CMakeTmp/src.cxx
/home/h0tcat/デスクトップ/Folder/Programming/c++/RealRyouikiTenkai/OpenCV/build/CMakeFiles/CMakeTmp/src.cxx:1:0: warning: ignoring #pragma   [-Wunknown-pragmas]
 #pragma
 ^
cc1plus: warning: unrecognized command line option ‘-Wno-inconsistent-missing-override’
Linking CXX executable cmTC_64ea9
/usr/bin/cmake -E cmake_link_script CMakeFiles/cmTC_64ea9.dir/link.txt --verbose=1
/usr/bin/c++      -fsigned-char -W -Wall -Werror=return-type -Werror=non-virtual-dtor -Werror=address -Werror=sequence-point -Wformat -Werror=format-security -Winit-self -Wpointer-arith -Wuninitialized -Wno-delete-non-virtual-dtor -Wno-comment -fdiagnostics-show-option -Wno-long-long -pthread -fomit-frame-pointer -ffunction-sections -fdata-sections  -msse -msse2 -msse3 -fvisibility=hidden -fvisibility-inlines-hidden -Wno-deprecated -Wno-missing-declarations -Wno-shadow -Wno-unused-parameter -Wno-unused-local-typedefs -Wno-sign-compare -Wno-sign-promo -Wno-undef -Wno-ignored-qualifiers -Wno-extra -Wno-unused-function -Wno-invalid-offsetof -Wno-suggest-override  -O3 -DNDEBUG    -Wl,--gc-sections -Wl,--as-needed  CMakeFiles/cmTC_64ea9.dir/src.cxx.o  -o cmTC_64ea9 
make[1]: ディレクトリ '/home/h0tcat/デスクトップ/Folder/Programming/c++/RealRyouikiTenkai/OpenCV/build/CMakeFiles/CMakeTmp' から出ます

===== END =====

Build output check failed:
    Regex: 'unrecognized .*option'
    Output line: 'cc1plus: warning: unrecognized command line option ‘-Wno-implicit-fallthrough’'
Compilation failed:
    source file: '/home/h0tcat/デスクトップ/Folder/Programming/c++/RealRyouikiTenkai/OpenCV/build/CMakeFiles/CMakeTmp/src.cxx'
    check option: ' -Wno-implicit-fallthrough'
===== BUILD LOG =====
Change Dir: /home/h0tcat/デスクトップ/Folder/Programming/c++/RealRyouikiTenkai/OpenCV/build/CMakeFiles/CMakeTmp

Run Build Command:"/usr/bin/make" "cmTC_c8d5b/fast"
/usr/bin/make -f CMakeFiles/cmTC_c8d5b.dir/build.make CMakeFiles/cmTC_c8d5b.dir/build
make[1]: ディレクトリ '/home/h0tcat/デスクトップ/Folder/Programming/c++/RealRyouikiTenkai/OpenCV/build/CMakeFiles/CMakeTmp' に入ります
Building CXX object CMakeFiles/cmTC_c8d5b.dir/src.cxx.o
/usr/bin/c++     -fsigned-char -W -Wall -Werror=return-type -Werror=non-virtual-dtor -Werror=address -Werror=sequence-point -Wformat -Werror=format-security -Winit-self -Wpointer-arith -Wuninitialized -Wno-delete-non-virtual-dtor -Wno-comment -fdiagnostics-show-option -Wno-long-long -pthread -fomit-frame-pointer -ffunction-sections -fdata-sections  -msse -msse2 -msse3 -fvisibility=hidden -fvisibility-inlines-hidden -Wno-deprecated -Wno-missing-declarations -Wno-shadow -Wno-unused-parameter -Wno-unused-local-typedefs -Wno-sign-compare -Wno-sign-promo -Wno-undef -Wno-ignored-qualifiers -Wno-extra -Wno-unused-function -Wno-invalid-offsetof -Wno-suggest-override  -O3 -DNDEBUG -fPIE   -Wno-implicit-fallthrough -std=c++11 -o CMakeFiles/cmTC_c8d5b.dir/src.cxx.o -c /home/h0tcat/デスクトップ/Folder/Programming/c++/RealRyouikiTenkai/OpenCV/build/CMakeFiles/CMakeTmp/src.cxx
/home/h0tcat/デスクトップ/Folder/Programming/c++/RealRyouikiTenkai/OpenCV/build/CMakeFiles/CMakeTmp/src.cxx:1:0: warning: ignoring #pragma   [-Wunknown-pragmas]
 #pragma
 ^
cc1plus: warning: unrecognized command line option ‘-Wno-implicit-fallthrough’
Linking CXX executable cmTC_c8d5b
/usr/bin/cmake -E cmake_link_script CMakeFiles/cmTC_c8d5b.dir/link.txt --verbose=1
/usr/bin/c++      -fsigned-char -W -Wall -Werror=return-type -Werror=non-virtual-dtor -Werror=address -Werror=sequence-point -Wformat -Werror=format-security -Winit-self -Wpointer-arith -Wuninitialized -Wno-delete-non-virtual-dtor -Wno-comment -fdiagnostics-show-option -Wno-long-long -pthread -fomit-frame-pointer -ffunction-sections -fdata-sections  -msse -msse2 -msse3 -fvisibility=hidden -fvisibility-inlines-hidden -Wno-deprecated -Wno-missing-declarations -Wno-shadow -Wno-unused-parameter -Wno-unused-local-typedefs -Wno-sign-compare -Wno-sign-promo -Wno-undef -Wno-ignored-qualifiers -Wno-extra -Wno-unused-function -Wno-invalid-offsetof -Wno-suggest-override  -O3 -DNDEBUG    -Wl,--gc-sections -Wl,--as-needed  CMakeFiles/cmTC_c8d5b.dir/src.cxx.o  -o cmTC_c8d5b 
make[1]: ディレクトリ '/home/h0tcat/デスクトップ/Folder/Programming/c++/RealRyouikiTenkai/OpenCV/build/CMakeFiles/CMakeTmp' から出ます

===== END =====

Build output check failed:
    Regex: 'unrecognized .*option'
    Output line: 'cc1: warning: unrecognized command line option ‘-Wno-implicit-fallthrough’'
Compilation failed:
    source file: '/home/h0tcat/デスクトップ/Folder/Programming/c++/RealRyouikiTenkai/OpenCV/build/CMakeFiles/CMakeTmp/src.c'
    check option: ' -Wno-implicit-fallthrough'
===== BUILD LOG =====
Change Dir: /home/h0tcat/デスクトップ/Folder/Programming/c++/RealRyouikiTenkai/OpenCV/build/CMakeFiles/CMakeTmp

Run Build Command:"/usr/bin/make" "cmTC_69d08/fast"
/usr/bin/make -f CMakeFiles/cmTC_69d08.dir/build.make CMakeFiles/cmTC_69d08.dir/build
make[1]: ディレクトリ '/home/h0tcat/デスクトップ/Folder/Programming/c++/RealRyouikiTenkai/OpenCV/build/CMakeFiles/CMakeTmp' に入ります
Building C object CMakeFiles/cmTC_69d08.dir/src.c.o
/usr/bin/cc    -fsigned-char -W -Wall -Werror=return-type -Werror=non-virtual-dtor -Werror=address -Werror=sequence-point -Wformat -Werror=format-security -Wmissing-declarations -Wmissing-prototypes -Wstrict-prototypes -Wundef -Winit-self -Wpointer-arith -Wshadow -Wuninitialized -Wno-comment -fdiagnostics-show-option -Wno-long-long -pthread -fomit-frame-pointer -ffunction-sections -fdata-sections  -msse -msse2 -msse3 -fvisibility=hidden  -O3 -DNDEBUG -fPIE   -Wno-implicit-fallthrough -o CMakeFiles/cmTC_69d08.dir/src.c.o   -c /home/h0tcat/デスクトップ/Folder/Programming/c++/RealRyouikiTenkai/OpenCV/build/CMakeFiles/CMakeTmp/src.c
/home/h0tcat/デスクトップ/Folder/Programming/c++/RealRyouikiTenkai/OpenCV/build/CMakeFiles/CMakeTmp/src.c:1:0: warning: ignoring #pragma   [-Wunknown-pragmas]
 #pragma
 ^
cc1: warning: unrecognized command line option ‘-Wno-implicit-fallthrough’
Linking C executable cmTC_69d08
/usr/bin/cmake -E cmake_link_script CMakeFiles/cmTC_69d08.dir/link.txt --verbose=1
/usr/bin/cc     -fsigned-char -W -Wall -Werror=return-type -Werror=non-virtual-dtor -Werror=address -Werror=sequence-point -Wformat -Werror=format-security -Wmissing-declarations -Wmissing-prototypes -Wstrict-prototypes -Wundef -Winit-self -Wpointer-arith -Wshadow -Wuninitialized -Wno-comment -fdiagnostics-show-option -Wno-long-long -pthread -fomit-frame-pointer -ffunction-sections -fdata-sections  -msse -msse2 -msse3 -fvisibility=hidden  -O3 -DNDEBUG    -Wl,--gc-sections -Wl,--as-needed  CMakeFiles/cmTC_69d08.dir/src.c.o  -o cmTC_69d08 
make[1]: ディレクトリ '/home/h0tcat/デスクトップ/Folder/Programming/c++/RealRyouikiTenkai/OpenCV/build/CMakeFiles/CMakeTmp' から出ます

===== END =====

Determining if the include file sys/videoio.h exists failed with the following output:
Change Dir: /home/h0tcat/デスクトップ/Folder/Programming/c++/RealRyouikiTenkai/OpenCV/build/CMakeFiles/CMakeTmp

Run Build Command:"/usr/bin/make" "cmTC_707d0/fast"
/usr/bin/make -f CMakeFiles/cmTC_707d0.dir/build.make CMakeFiles/cmTC_707d0.dir/build
make[1]: ディレクトリ '/home/h0tcat/デスクトップ/Folder/Programming/c++/RealRyouikiTenkai/OpenCV/build/CMakeFiles/CMakeTmp' に入ります
Building C object CMakeFiles/cmTC_707d0.dir/CheckIncludeFile.c.o
/usr/bin/cc    -fsigned-char -W -Wall -Werror=return-type -Werror=non-virtual-dtor -Werror=address -Werror=sequence-point -Wformat -Werror=format-security -Wmissing-declarations -Wmissing-prototypes -Wstrict-prototypes -Wundef -Winit-self -Wpointer-arith -Wshadow -Wuninitialized -Wno-comment -fdiagnostics-show-option -Wno-long-long -pthread -fomit-frame-pointer -ffunction-sections -fdata-sections  -msse -msse2 -msse3 -fvisibility=hidden  -O3 -DNDEBUG -fPIE   -o CMakeFiles/cmTC_707d0.dir/CheckIncludeFile.c.o   -c /home/h0tcat/デスクトップ/Folder/Programming/c++/RealRyouikiTenkai/OpenCV/build/CMakeFiles/CMakeTmp/CheckIncludeFile.c
/home/h0tcat/デスクトップ/Folder/Programming/c++/RealRyouikiTenkai/OpenCV/build/CMakeFiles/CMakeTmp/CheckIncludeFile.c:1:25: fatal error: sys/videoio.h: そのようなファイルやディレクトリはありません
compilation terminated.
CMakeFiles/cmTC_707d0.dir/build.make:65: ターゲット 'CMakeFiles/cmTC_707d0.dir/CheckIncludeFile.c.o' のレシピで失敗しました
make[1]: *** [CMakeFiles/cmTC_707d0.dir/CheckIncludeFile.c.o] エラー 1
make[1]: ディレクトリ '/home/h0tcat/デスクトップ/Folder/Programming/c++/RealRyouikiTenkai/OpenCV/build/CMakeFiles/CMakeTmp' から出ます
Makefile:126: ターゲット 'cmTC_707d0/fast' のレシピで失敗しました
make: *** [cmTC_707d0/fast] エラー 2


Build output check failed:
    Regex: 'unrecognized .*option'
    Output line: 'cc1plus: warning: unrecognized command line option ‘-Wno-unused-private-field’'
Compilation failed:
    source file: '/home/h0tcat/デスクトップ/Folder/Programming/c++/RealRyouikiTenkai/OpenCV/build/CMakeFiles/CMakeTmp/src.cxx'
    check option: ' -Wno-unused-private-field'
===== BUILD LOG =====
Change Dir: /home/h0tcat/デスクトップ/Folder/Programming/c++/RealRyouikiTenkai/OpenCV/build/CMakeFiles/CMakeTmp

Run Build Command:"/usr/bin/make" "cmTC_37e99/fast"
/usr/bin/make -f CMakeFiles/cmTC_37e99.dir/build.make CMakeFiles/cmTC_37e99.dir/build
make[1]: ディレクトリ '/home/h0tcat/デスクトップ/Folder/Programming/c++/RealRyouikiTenkai/OpenCV/build/CMakeFiles/CMakeTmp' に入ります
Building CXX object CMakeFiles/cmTC_37e99.dir/src.cxx.o
/usr/bin/c++     -fsigned-char -W -Wall -Werror=return-type -Werror=non-virtual-dtor -Werror=address -Werror=sequence-point -Wformat -Werror=format-security -Wmissing-declarations -Wundef -Winit-self -Wpointer-arith -Wshadow -Wsign-promo -Wuninitialized -Wsuggest-override -Wno-delete-non-virtual-dtor -Wno-comment -fdiagnostics-show-option -Wno-long-long -pthread -fomit-frame-pointer -ffunction-sections -fdata-sections  -msse -msse2 -msse3 -fvisibility=hidden -fvisibility-inlines-hidden -Wno-unused-function -Wno-deprecated-declarations -Wno-overloaded-virtual  -O3 -DNDEBUG -fPIE   -Wno-unused-private-field -std=c++11 -o CMakeFiles/cmTC_37e99.dir/src.cxx.o -c /home/h0tcat/デスクトップ/Folder/Programming/c++/RealRyouikiTenkai/OpenCV/build/CMakeFiles/CMakeTmp/src.cxx
/home/h0tcat/デスクトップ/Folder/Programming/c++/RealRyouikiTenkai/OpenCV/build/CMakeFiles/CMakeTmp/src.cxx:1:0: warning: ignoring #pragma   [-Wunknown-pragmas]
 #pragma
 ^
cc1plus: warning: unrecognized command line option ‘-Wno-unused-private-field’
Linking CXX executable cmTC_37e99
/usr/bin/cmake -E cmake_link_script CMakeFiles/cmTC_37e99.dir/link.txt --verbose=1
/usr/bin/c++      -fsigned-char -W -Wall -Werror=return-type -Werror=non-virtual-dtor -Werror=address -Werror=sequence-point -Wformat -Werror=format-security -Wmissing-declarations -Wundef -Winit-self -Wpointer-arith -Wshadow -Wsign-promo -Wuninitialized -Wsuggest-override -Wno-delete-non-virtual-dtor -Wno-comment -fdiagnostics-show-option -Wno-long-long -pthread -fomit-frame-pointer -ffunction-sections -fdata-sections  -msse -msse2 -msse3 -fvisibility=hidden -fvisibility-inlines-hidden -Wno-unused-function -Wno-deprecated-declarations -Wno-overloaded-virtual  -O3 -DNDEBUG    -Wl,--gc-sections -Wl,--as-needed  CMakeFiles/cmTC_37e99.dir/src.cxx.o  -o cmTC_37e99 
make[1]: ディレクトリ '/home/h0tcat/デスクトップ/Folder/Programming/c++/RealRyouikiTenkai/OpenCV/build/CMakeFiles/CMakeTmp' から出ます

===== END =====

